Using pre-set license
Built from '2020.3/staging' branch; Version is '2020.3.11f1 (99c7afb366b3) revision 10078127'; Using compiler version '192528614'; Build Type 'Release'
OS: 'Windows 10 Enterprise LTSC 2019; OS build 17763.2114; Version 1809; 64bit' Language: 'en' Physical Memory: 8028 MB
BatchMode: 1, IsHumanControllingUs: 0, StartBugReporterOnCrash: 0, Is64bit: 1, IsPro: 0

 COMMAND LINE ARGUMENTS:
C:\Program Files\Unity\Hub\Editor\2020.3.11f1\Editor\Unity.exe
-adb2
-batchMode
-noUpm
-name
AssetImportWorker0
-projectPath
D:/Simple Hostile
-logFile
Logs/AssetImportWorker0.log
-srvPort
54261
Successfully changed project path to: D:/Simple Hostile
D:/Simple Hostile
Using Asset Import Pipeline V2.
Refreshing native plugins compatible for Editor in 43.92 ms, found 2 plugins.
Preloading 0 native plugins for Editor in 0.00 ms.
Initialize engine version: 2020.3.11f1 (99c7afb366b3)
[Subsystems] Discovering subsystems at path C:/Program Files/Unity/Hub/Editor/2020.3.11f1/Editor/Data/Resources/UnitySubsystems
[Subsystems] Discovering subsystems at path D:/Simple Hostile/Assets
GfxDevice: creating device client; threaded=0
Direct3D:
    Version:  Direct3D 11.0 [level 11.1]
    Renderer: NVIDIA GeForce GTX 1650 (ID=0x1f91)
    Vendor:   
    VRAM:     3962 MB
    Driver:   30.0.14.7168
Initialize mono
Mono path[0] = 'C:/Program Files/Unity/Hub/Editor/2020.3.11f1/Editor/Data/Managed'
Mono path[1] = 'C:/Program Files/Unity/Hub/Editor/2020.3.11f1/Editor/Data/MonoBleedingEdge/lib/mono/unityjit'
Mono config path = 'C:/Program Files/Unity/Hub/Editor/2020.3.11f1/Editor/Data/MonoBleedingEdge/etc'
Using monoOptions --debugger-agent=transport=dt_socket,embedding=1,server=y,suspend=n,address=127.0.0.1:56348
Begin MonoManager ReloadAssembly
Registering precompiled unity dll's ...
Register platform support module: C:/Program Files/Unity/Hub/Editor/2020.3.11f1/Editor/Data/PlaybackEngines/WindowsStandaloneSupport/UnityEditor.WindowsStandalone.Extensions.dll
Registered in 0.001098 seconds.
Native extension for WindowsStandalone target not found
Refreshing native plugins compatible for Editor in 37.39 ms, found 2 plugins.
Preloading 0 native plugins for Editor in 0.00 ms.
Mono: successfully reloaded assembly
- Completed reload, in  1.406 seconds
Platform modules already initialized, skipping
Registering precompiled user dll's ...
Registered in 0.003325 seconds.
Begin MonoManager ReloadAssembly
Symbol file LoadedFromMemory is not a mono symbol file
Native extension for WindowsStandalone target not found
Refreshing native plugins compatible for Editor in 0.63 ms, found 2 plugins.
Preloading 0 native plugins for Editor in 0.00 ms.
Mono: successfully reloaded assembly
- Completed reload, in  0.946 seconds
Platform modules already initialized, skipping
========================================================================
Worker process is ready to serve import requests
Launched and connected shader compiler UnityShaderCompiler.exe after 0.03 seconds
Refreshing native plugins compatible for Editor in 0.61 ms, found 2 plugins.
Preloading 0 native plugins for Editor in 0.00 ms.
Unloading 2142 Unused Serialized files (Serialized files now loaded: 0)
System memory in use before: 89.8 MB.
System memory in use after: 89.9 MB.

Unloading 62 unused Assets to reduce memory usage. Loaded Objects now: 2554.
Total: 5.176000 ms (FindLiveObjects: 0.181800 ms CreateObjectMapping: 0.079100 ms MarkObjects: 4.832200 ms  DeleteObjects: 0.082100 ms)

========================================================================
Received Import Request.
  path: Assets/Scripts/ScriptableObjectGens/Gun.cs
  artifactKey: Guid(5f7184dad034aa248b65cbfec11b639b) Importer(815301076,1909f56bfc062723c751e8b465ee728b)
Start importing Assets/Scripts/ScriptableObjectGens/Gun.cs using Guid(5f7184dad034aa248b65cbfec11b639b) Importer(815301076,1909f56bfc062723c751e8b465ee728b)  -> (artifact id: '45b4db9f82ee23377b40893c72ab6a2c') in 0.019994 seconds
  Import took 0.022826 seconds .

========================================================================
Received Import Request.
  Time since last request: 91.796030 seconds.
  path: Assets/Scripts/Data.cs
  artifactKey: Guid(3b5c7424cd4d14744ba47b8b429fecf3) Importer(815301076,1909f56bfc062723c751e8b465ee728b)
Start importing Assets/Scripts/Data.cs using Guid(3b5c7424cd4d14744ba47b8b429fecf3) Importer(815301076,1909f56bfc062723c751e8b465ee728b)  -> (artifact id: 'd396ed76f6dc2e21cbaeefa973cbf7a9') in 0.007503 seconds
  Import took 0.011992 seconds .

========================================================================
Received Import Request.
  Time since last request: 0.000729 seconds.
  path: Assets/Scripts/Data.cs
  artifactKey: Guid(3b5c7424cd4d14744ba47b8b429fecf3) Importer(815301076,1909f56bfc062723c751e8b465ee728b)
Start importing Assets/Scripts/Data.cs using Guid(3b5c7424cd4d14744ba47b8b429fecf3) Importer(815301076,1909f56bfc062723c751e8b465ee728b)  -> (artifact id: 'd396ed76f6dc2e21cbaeefa973cbf7a9') in 0.002808 seconds
  Import took 0.007023 seconds .

========================================================================
Received Import Request.
  Time since last request: 118.716967 seconds.
  path: Assets/Scripts/ScriptableObjectGens/Gun.cs
  artifactKey: Guid(5f7184dad034aa248b65cbfec11b639b) Importer(815301076,1909f56bfc062723c751e8b465ee728b)
Start importing Assets/Scripts/ScriptableObjectGens/Gun.cs using Guid(5f7184dad034aa248b65cbfec11b639b) Importer(815301076,1909f56bfc062723c751e8b465ee728b)  -> (artifact id: 'f31093a43030a4f5cf3eee28ea2b05a1') in 0.001309 seconds
  Import took 0.017115 seconds .

========================================================================
Received Import Request.
  Time since last request: 24.721100 seconds.
  path: Assets/Scripts/GameSettings.cs
  artifactKey: Guid(7bcafbf1e61de3c45a67ccb64a53ed9f) Importer(815301076,1909f56bfc062723c751e8b465ee728b)
Start importing Assets/Scripts/GameSettings.cs using Guid(7bcafbf1e61de3c45a67ccb64a53ed9f) Importer(815301076,1909f56bfc062723c751e8b465ee728b)  -> (artifact id: '4a361296c531eeaf1883ba69d69c7ad6') in 0.092406 seconds
  Import took 0.101138 seconds .

========================================================================
Received Import Request.
  Time since last request: 0.438322 seconds.
  path: Assets/Scripts/GunLibrary.cs
  artifactKey: Guid(12addb42aec349b4ea2c30b61b47ea3f) Importer(815301076,1909f56bfc062723c751e8b465ee728b)
Start importing Assets/Scripts/GunLibrary.cs using Guid(12addb42aec349b4ea2c30b61b47ea3f) Importer(815301076,1909f56bfc062723c751e8b465ee728b)  -> (artifact id: 'ca760d237ec24f5c33656f2ec6dd2cd1') in 0.293765 seconds
  Import took 0.319225 seconds .

========================================================================
Received Import Request.
  Time since last request: 0.512962 seconds.
  path: Assets/Scripts/Launcher.cs
  artifactKey: Guid(d6fc6b7dabb6d494aab67826bd2f9579) Importer(815301076,1909f56bfc062723c751e8b465ee728b)
Start importing Assets/Scripts/Launcher.cs using Guid(d6fc6b7dabb6d494aab67826bd2f9579) Importer(815301076,1909f56bfc062723c751e8b465ee728b)  -> (artifact id: '565807d13c900070428854f632f0b2e2') in 0.006542 seconds
  Import took 0.010596 seconds .

========================================================================
Received Import Request.
  Time since last request: 0.001991 seconds.
  path: Assets/Scripts/Launcher.cs
  artifactKey: Guid(d6fc6b7dabb6d494aab67826bd2f9579) Importer(815301076,1909f56bfc062723c751e8b465ee728b)
Start importing Assets/Scripts/Launcher.cs using Guid(d6fc6b7dabb6d494aab67826bd2f9579) Importer(815301076,1909f56bfc062723c751e8b465ee728b)  -> (artifact id: '565807d13c900070428854f632f0b2e2') in 0.001426 seconds
  Import took 0.005235 seconds .

========================================================================
Received Import Request.
  Time since last request: 0.974284 seconds.
  path: Assets/Scripts/Look.cs
  artifactKey: Guid(d96ad5b6504821e4a897f8ff875932e0) Importer(815301076,1909f56bfc062723c751e8b465ee728b)
Start importing Assets/Scripts/Look.cs using Guid(d96ad5b6504821e4a897f8ff875932e0) Importer(815301076,1909f56bfc062723c751e8b465ee728b)  -> (artifact id: 'bcc87eb3750660b594d580da2a45f487') in 0.012541 seconds
  Import took 0.017307 seconds .

========================================================================
Received Import Request.
  Time since last request: 0.625127 seconds.
  path: Assets/Scripts/MainMenu.cs
  artifactKey: Guid(676a3e5a7625a254884ab7f1453a1ad1) Importer(815301076,1909f56bfc062723c751e8b465ee728b)
Start importing Assets/Scripts/MainMenu.cs using Guid(676a3e5a7625a254884ab7f1453a1ad1) Importer(815301076,1909f56bfc062723c751e8b465ee728b)  -> (artifact id: '35ecb8583f50b096d9c55ca6d9c573d5') in 0.007557 seconds
  Import took 0.011087 seconds .

========================================================================
Received Import Request.
  Time since last request: 0.526529 seconds.
  path: Assets/Scripts/Manager.cs
  artifactKey: Guid(3f420b1e43b5cf547a907a270534b15b) Importer(815301076,1909f56bfc062723c751e8b465ee728b)
Start importing Assets/Scripts/Manager.cs using Guid(3f420b1e43b5cf547a907a270534b15b) Importer(815301076,1909f56bfc062723c751e8b465ee728b)  -> (artifact id: '38fb70ddcfab3e95864f731d86e13e65') in 0.007641 seconds
  Import took 0.025069 seconds .

========================================================================
Received Import Request.
  Time since last request: 9.627749 seconds.
  path: Assets/Scripts/Pause.cs
  artifactKey: Guid(6021b429bb51c8846a7f2df4c1fbf661) Importer(815301076,1909f56bfc062723c751e8b465ee728b)
Start importing Assets/Scripts/Pause.cs using Guid(6021b429bb51c8846a7f2df4c1fbf661) Importer(815301076,1909f56bfc062723c751e8b465ee728b)  -> (artifact id: 'b22006fc707f1f8ffd73f5415d1356c3') in 0.011188 seconds
  Import took 0.023849 seconds .

========================================================================
Received Import Request.
  Time since last request: 0.017304 seconds.
  path: Assets/Scripts/Pause.cs
  artifactKey: Guid(6021b429bb51c8846a7f2df4c1fbf661) Importer(815301076,1909f56bfc062723c751e8b465ee728b)
Start importing Assets/Scripts/Pause.cs using Guid(6021b429bb51c8846a7f2df4c1fbf661) Importer(815301076,1909f56bfc062723c751e8b465ee728b)  -> (artifact id: 'b22006fc707f1f8ffd73f5415d1356c3') in 0.015399 seconds
  Import took 0.020534 seconds .

========================================================================
Received Import Request.
  Time since last request: 7.406829 seconds.
  path: Assets/Scripts/Player.cs
  artifactKey: Guid(15a874f142f66fa4ba3fccf9b1c9bb2a) Importer(815301076,1909f56bfc062723c751e8b465ee728b)
Start importing Assets/Scripts/Player.cs using Guid(15a874f142f66fa4ba3fccf9b1c9bb2a) Importer(815301076,1909f56bfc062723c751e8b465ee728b)  -> (artifact id: '6cc0cf0b7b2392b57ad8e4fbc05eb649') in 0.097239 seconds
  Import took 0.110377 seconds .

========================================================================
Received Import Request.
  Time since last request: 3.216579 seconds.
  path: Assets/Scripts/Weapon.cs
  artifactKey: Guid(2bfc503a25f67f341ab8a5d171576157) Importer(815301076,1909f56bfc062723c751e8b465ee728b)
Start importing Assets/Scripts/Weapon.cs using Guid(2bfc503a25f67f341ab8a5d171576157) Importer(815301076,1909f56bfc062723c751e8b465ee728b)  -> (artifact id: '759962294adc9992807db69dc902e2c0') in 0.027989 seconds
  Import took 0.047419 seconds .

========================================================================
Received Import Request.
  Time since last request: 9.204988 seconds.
  path: Assets/Scripts/Pickup.cs
  artifactKey: Guid(f04a9524fa93e924e91f52320ed7d399) Importer(815301076,1909f56bfc062723c751e8b465ee728b)
Start importing Assets/Scripts/Pickup.cs using Guid(f04a9524fa93e924e91f52320ed7d399) Importer(815301076,1909f56bfc062723c751e8b465ee728b)  -> (artifact id: 'fd18fb2683b57f089846874f7029491c') in 0.006143 seconds
  Import took 0.010666 seconds .

========================================================================
Received Import Request.
  Time since last request: 0.002623 seconds.
  path: Assets/Scripts/Pickup.cs
  artifactKey: Guid(f04a9524fa93e924e91f52320ed7d399) Importer(815301076,1909f56bfc062723c751e8b465ee728b)
Start importing Assets/Scripts/Pickup.cs using Guid(f04a9524fa93e924e91f52320ed7d399) Importer(815301076,1909f56bfc062723c751e8b465ee728b)  -> (artifact id: 'fd18fb2683b57f089846874f7029491c') in 0.002813 seconds
  Import took 0.007881 seconds .

========================================================================
Received Import Request.
  Time since last request: 10.516952 seconds.
  path: Assets/Scripts/Sway.cs
  artifactKey: Guid(14e8b00afccf9154aabd7585033677d6) Importer(815301076,1909f56bfc062723c751e8b465ee728b)
Start importing Assets/Scripts/Sway.cs using Guid(14e8b00afccf9154aabd7585033677d6) Importer(815301076,1909f56bfc062723c751e8b465ee728b)  -> (artifact id: '92141ad3807ab4bd9811014e3ed48042') in 0.007563 seconds
  Import took 0.019887 seconds .

========================================================================
Received Import Request.
  Time since last request: 0.025744 seconds.
  path: Assets/Scripts/Sway.cs
  artifactKey: Guid(14e8b00afccf9154aabd7585033677d6) Importer(815301076,1909f56bfc062723c751e8b465ee728b)
Start importing Assets/Scripts/Sway.cs using Guid(14e8b00afccf9154aabd7585033677d6) Importer(815301076,1909f56bfc062723c751e8b465ee728b)  -> (artifact id: '92141ad3807ab4bd9811014e3ed48042') in 0.003092 seconds
  Import took 0.009103 seconds .

========================================================================
Received Prepare
Registering precompiled user dll's ...
Registered in 0.003217 seconds.
Begin MonoManager ReloadAssembly
Symbol file LoadedFromMemory is not a mono symbol file
Native extension for WindowsStandalone target not found
Refreshing native plugins compatible for Editor in 0.66 ms, found 2 plugins.
Preloading 0 native plugins for Editor in 0.00 ms.
Mono: successfully reloaded assembly
- Completed reload, in  0.996 seconds
Platform modules already initialized, skipping
Refreshing native plugins compatible for Editor in 0.68 ms, found 2 plugins.
Preloading 0 native plugins for Editor in 0.00 ms.
Unloading 2125 Unused Serialized files (Serialized files now loaded: 0)
System memory in use before: 88.7 MB.
System memory in use after: 88.8 MB.

Unloading 53 unused Assets to reduce memory usage. Loaded Objects now: 2557.
Total: 6.462600 ms (FindLiveObjects: 0.373000 ms CreateObjectMapping: 0.137700 ms MarkObjects: 5.895600 ms  DeleteObjects: 0.054900 ms)

========================================================================
Received Prepare
Registering precompiled user dll's ...
Registered in 0.004338 seconds.
Begin MonoManager ReloadAssembly
Symbol file LoadedFromMemory is not a mono symbol file
Native extension for WindowsStandalone target not found
Refreshing native plugins compatible for Editor in 0.64 ms, found 2 plugins.
Preloading 0 native plugins for Editor in 0.00 ms.
Mono: successfully reloaded assembly
- Completed reload, in  0.963 seconds
Platform modules already initialized, skipping
Refreshing native plugins compatible for Editor in 0.69 ms, found 2 plugins.
Preloading 0 native plugins for Editor in 0.00 ms.
Unloading 2125 Unused Serialized files (Serialized files now loaded: 0)
System memory in use before: 88.7 MB.
System memory in use after: 88.8 MB.

Unloading 53 unused Assets to reduce memory usage. Loaded Objects now: 2560.
Total: 4.958800 ms (FindLiveObjects: 0.174600 ms CreateObjectMapping: 0.068400 ms MarkObjects: 4.690000 ms  DeleteObjects: 0.024800 ms)

========================================================================
Received Prepare
Registering precompiled user dll's ...
Registered in 0.003621 seconds.
Begin MonoManager ReloadAssembly
Symbol file LoadedFromMemory is not a mono symbol file
Native extension for WindowsStandalone target not found
Refreshing native plugins compatible for Editor in 0.67 ms, found 2 plugins.
Preloading 0 native plugins for Editor in 0.00 ms.
Mono: successfully reloaded assembly
- Completed reload, in  0.920 seconds
Platform modules already initialized, skipping
Refreshing native plugins compatible for Editor in 0.70 ms, found 2 plugins.
Preloading 0 native plugins for Editor in 0.00 ms.
Unloading 2125 Unused Serialized files (Serialized files now loaded: 0)
System memory in use before: 88.8 MB.
System memory in use after: 88.9 MB.

Unloading 53 unused Assets to reduce memory usage. Loaded Objects now: 2563.
Total: 5.444200 ms (FindLiveObjects: 0.269900 ms CreateObjectMapping: 0.092900 ms MarkObjects: 5.024300 ms  DeleteObjects: 0.055300 ms)

========================================================================
Received Prepare
Registering precompiled user dll's ...
Registered in 0.006690 seconds.
Begin MonoManager ReloadAssembly
Symbol file LoadedFromMemory is not a mono symbol file
Native extension for WindowsStandalone target not found
Refreshing native plugins compatible for Editor in 3.22 ms, found 2 plugins.
Preloading 0 native plugins for Editor in 0.00 ms.
Mono: successfully reloaded assembly
- Completed reload, in  3.243 seconds
Platform modules already initialized, skipping
Refreshing native plugins compatible for Editor in 1.10 ms, found 2 plugins.
Preloading 0 native plugins for Editor in 0.00 ms.
Unloading 2125 Unused Serialized files (Serialized files now loaded: 0)
System memory in use before: 88.8 MB.
System memory in use after: 88.9 MB.

Unloading 53 unused Assets to reduce memory usage. Loaded Objects now: 2566.
Total: 10.926900 ms (FindLiveObjects: 0.438600 ms CreateObjectMapping: 0.225300 ms MarkObjects: 10.213300 ms  DeleteObjects: 0.047800 ms)

AssetImportWorkerClient::OnTransportError - code=2 error=End of file
