Using pre-set license
Built from '2020.3/staging' branch; Version is '2020.3.11f1 (99c7afb366b3) revision 10078127'; Using compiler version '192528614'; Build Type 'Release'
OS: 'Windows 10 Enterprise LTSC 2019; OS build 17763.2114; Version 1809; 64bit' Language: 'en' Physical Memory: 8028 MB
BatchMode: 1, IsHumanControllingUs: 0, StartBugReporterOnCrash: 0, Is64bit: 1, IsPro: 0

 COMMAND LINE ARGUMENTS:
C:\Program Files\Unity\Hub\Editor\2020.3.11f1\Editor\Unity.exe
-adb2
-batchMode
-noUpm
-name
AssetImportWorker0
-projectPath
D:/GithubLocal/SuperCode_Round2/Simple Hostile
-logFile
Logs/AssetImportWorker0.log
-srvPort
49460
Successfully changed project path to: D:/GithubLocal/SuperCode_Round2/Simple Hostile
D:/GithubLocal/SuperCode_Round2/Simple Hostile
Using Asset Import Pipeline V2.
Refreshing native plugins compatible for Editor in 67.19 ms, found 5 plugins.
Preloading 0 native plugins for Editor in 0.00 ms.
Initialize engine version: 2020.3.11f1 (99c7afb366b3)
[Subsystems] Discovering subsystems at path C:/Program Files/Unity/Hub/Editor/2020.3.11f1/Editor/Data/Resources/UnitySubsystems
[Subsystems] Discovering subsystems at path D:/GithubLocal/SuperCode_Round2/Simple Hostile/Assets
GfxDevice: creating device client; threaded=0
Direct3D:
    Version:  Direct3D 11.0 [level 11.1]
    Renderer: NVIDIA GeForce GTX 1650 (ID=0x1f91)
    Vendor:   
    VRAM:     3962 MB
    Driver:   30.0.14.7168
Initialize mono
Mono path[0] = 'C:/Program Files/Unity/Hub/Editor/2020.3.11f1/Editor/Data/Managed'
Mono path[1] = 'C:/Program Files/Unity/Hub/Editor/2020.3.11f1/Editor/Data/MonoBleedingEdge/lib/mono/unityjit'
Mono config path = 'C:/Program Files/Unity/Hub/Editor/2020.3.11f1/Editor/Data/MonoBleedingEdge/etc'
Using monoOptions --debugger-agent=transport=dt_socket,embedding=1,server=y,suspend=n,address=127.0.0.1:56828
Begin MonoManager ReloadAssembly
Registering precompiled unity dll's ...
Register platform support module: C:/Program Files/Unity/Hub/Editor/2020.3.11f1/Editor/Data/PlaybackEngines/WindowsStandaloneSupport/UnityEditor.WindowsStandalone.Extensions.dll
Registered in 0.001325 seconds.
Native extension for WindowsStandalone target not found
Refreshing native plugins compatible for Editor in 46.22 ms, found 5 plugins.
Preloading 0 native plugins for Editor in 0.00 ms.
Mono: successfully reloaded assembly
- Completed reload, in  3.546 seconds
Platform modules already initialized, skipping
Registering precompiled user dll's ...
Registered in 0.849727 seconds.
Begin MonoManager ReloadAssembly
Native extension for WindowsStandalone target not found
Refreshing native plugins compatible for Editor in 1.09 ms, found 5 plugins.
Preloading 0 native plugins for Editor in 0.00 ms.
Mono: successfully reloaded assembly
- Completed reload, in  1.457 seconds
Platform modules already initialized, skipping
========================================================================
Worker process is ready to serve import requests
Launched and connected shader compiler UnityShaderCompiler.exe after 0.09 seconds
Refreshing native plugins compatible for Editor in 1.25 ms, found 5 plugins.
Preloading 0 native plugins for Editor in 0.00 ms.
Unloading 2344 Unused Serialized files (Serialized files now loaded: 0)
System memory in use before: 96.2 MB.
System memory in use after: 96.4 MB.

Unloading 99 unused Assets to reduce memory usage. Loaded Objects now: 2719.
Total: 10.469900 ms (FindLiveObjects: 0.306800 ms CreateObjectMapping: 0.169600 ms MarkObjects: 9.841200 ms  DeleteObjects: 0.150200 ms)

========================================================================
Received Import Request.
  path: Assets/Photon/PhotonUnityNetworking/Resources/PhotonServerSettings.asset
  artifactKey: Guid(bd13e6b2ceea6314890941fc188c9b99) Importer(815301076,1909f56bfc062723c751e8b465ee728b)
Start importing Assets/Photon/PhotonUnityNetworking/Resources/PhotonServerSettings.asset using Guid(bd13e6b2ceea6314890941fc188c9b99) Importer(815301076,1909f56bfc062723c751e8b465ee728b)  -> (artifact id: '10decfc022bb84655d87c6fd5b913450') in 0.047088 seconds
  Import took 0.070750 seconds .

========================================================================
Received Prepare
Refreshing native plugins compatible for Editor in 14.05 ms, found 5 plugins.
Preloading 0 native plugins for Editor in 0.00 ms.
Unloading 88 Unused Serialized files (Serialized files now loaded: 0)
System memory in use before: 50.6 MB.
System memory in use after: 50.8 MB.

Unloading 87 unused Assets to reduce memory usage. Loaded Objects now: 2719.
Total: 6.281800 ms (FindLiveObjects: 0.227900 ms CreateObjectMapping: 0.109600 ms MarkObjects: 5.905800 ms  DeleteObjects: 0.037400 ms)

========================================================================
Received Import Request.
  Time since last request: 62.129978 seconds.
  path: Assets/Resources/Player.prefab
  artifactKey: Guid(df8da2b35c7df7a4c8e3dbad48addbc0) Importer(815301076,1909f56bfc062723c751e8b465ee728b)
Start importing Assets/Resources/Player.prefab using Guid(df8da2b35c7df7a4c8e3dbad48addbc0) Importer(815301076,1909f56bfc062723c751e8b465ee728b)  -> (artifact id: '35484e0285726ff05db7825cc5f1adac') in 0.149979 seconds
  Import took 0.333964 seconds .

========================================================================
Received Import Request.
  Time since last request: 25.050032 seconds.
  path: Assets/Resources/Player.prefab
  artifactKey: Guid(df8da2b35c7df7a4c8e3dbad48addbc0) Importer(815301076,1909f56bfc062723c751e8b465ee728b)
Start importing Assets/Resources/Player.prefab using Guid(df8da2b35c7df7a4c8e3dbad48addbc0) Importer(815301076,1909f56bfc062723c751e8b465ee728b)  -> (artifact id: 'a8b774e2f6d6ee81a2edecc2056b30d0') in 0.041874 seconds
  Import took 0.053941 seconds .

========================================================================
Received Import Request.
  Time since last request: 13.866003 seconds.
  path: Assets/Resources/Player.prefab
  artifactKey: Guid(df8da2b35c7df7a4c8e3dbad48addbc0) Importer(815301076,1909f56bfc062723c751e8b465ee728b)
Start importing Assets/Resources/Player.prefab using Guid(df8da2b35c7df7a4c8e3dbad48addbc0) Importer(815301076,1909f56bfc062723c751e8b465ee728b)  -> (artifact id: '3dc5e5d378051175c4559762c70145ce') in 0.035782 seconds
  Import took 0.040518 seconds .

========================================================================
Received Import Request.
  Time since last request: 0.010729 seconds.
  path: Assets/Resources/Player.prefab
  artifactKey: Guid(df8da2b35c7df7a4c8e3dbad48addbc0) Importer(815301076,1909f56bfc062723c751e8b465ee728b)
Start importing Assets/Resources/Player.prefab using Guid(df8da2b35c7df7a4c8e3dbad48addbc0) Importer(815301076,1909f56bfc062723c751e8b465ee728b)  -> (artifact id: '3dc5e5d378051175c4559762c70145ce') in 0.036979 seconds
  Import took 0.254849 seconds .

========================================================================
Received Import Request.
  Time since last request: 2.888982 seconds.
  path: Assets/Resources/Player.prefab
  artifactKey: Guid(df8da2b35c7df7a4c8e3dbad48addbc0) Importer(815301076,1909f56bfc062723c751e8b465ee728b)
Start importing Assets/Resources/Player.prefab using Guid(df8da2b35c7df7a4c8e3dbad48addbc0) Importer(815301076,1909f56bfc062723c751e8b465ee728b)  -> (artifact id: '40984ebfe07b7a4933e40787e8b6fdb3') in 0.045088 seconds
  Import took 0.141926 seconds .

========================================================================
Received Import Request.
  Time since last request: 8.363880 seconds.
  path: Assets/Resources/Player.prefab
  artifactKey: Guid(df8da2b35c7df7a4c8e3dbad48addbc0) Importer(815301076,1909f56bfc062723c751e8b465ee728b)
Start importing Assets/Resources/Player.prefab using Guid(df8da2b35c7df7a4c8e3dbad48addbc0) Importer(815301076,1909f56bfc062723c751e8b465ee728b)  -> (artifact id: 'e6dd8bcf84f714329e2082637f3ceb30') in 0.049381 seconds
  Import took 0.124601 seconds .

========================================================================
Received Import Request.
  Time since last request: 39.734950 seconds.
  path: Assets/Resources/Player.prefab
  artifactKey: Guid(df8da2b35c7df7a4c8e3dbad48addbc0) Importer(815301076,1909f56bfc062723c751e8b465ee728b)
Start importing Assets/Resources/Player.prefab using Guid(df8da2b35c7df7a4c8e3dbad48addbc0) Importer(815301076,1909f56bfc062723c751e8b465ee728b)  -> (artifact id: 'a79361d38ceb9f44a61a4fed7b5c0f33') in 0.050772 seconds
  Import took 0.070255 seconds .

========================================================================
Received Import Request.
  Time since last request: 0.029081 seconds.
  path: Assets/Resources/Player.prefab
  artifactKey: Guid(df8da2b35c7df7a4c8e3dbad48addbc0) Importer(815301076,1909f56bfc062723c751e8b465ee728b)
Start importing Assets/Resources/Player.prefab using Guid(df8da2b35c7df7a4c8e3dbad48addbc0) Importer(815301076,1909f56bfc062723c751e8b465ee728b)  -> (artifact id: 'a79361d38ceb9f44a61a4fed7b5c0f33') in 0.037482 seconds
  Import took 0.042604 seconds .

========================================================================
Received Import Request.
  Time since last request: 13.426723 seconds.
  path: Assets/Resources/Player.prefab
  artifactKey: Guid(df8da2b35c7df7a4c8e3dbad48addbc0) Importer(815301076,1909f56bfc062723c751e8b465ee728b)
Start importing Assets/Resources/Player.prefab using Guid(df8da2b35c7df7a4c8e3dbad48addbc0) Importer(815301076,1909f56bfc062723c751e8b465ee728b)  -> (artifact id: '9c0bd53be84d208d5650583283b9bf15') in 0.036605 seconds
  Import took 0.042841 seconds .

========================================================================
Received Import Request.
  Time since last request: 22.341973 seconds.
  path: Assets/Resources/Player.prefab
  artifactKey: Guid(df8da2b35c7df7a4c8e3dbad48addbc0) Importer(815301076,1909f56bfc062723c751e8b465ee728b)
Start importing Assets/Resources/Player.prefab using Guid(df8da2b35c7df7a4c8e3dbad48addbc0) Importer(815301076,1909f56bfc062723c751e8b465ee728b)  -> (artifact id: 'a646eaec5ddd9c648eb0f440213e59f5') in 0.049464 seconds
  Import took 0.057647 seconds .

========================================================================
Received Import Request.
  Time since last request: 1.515838 seconds.
  path: Assets/Resources/Player.prefab
  artifactKey: Guid(df8da2b35c7df7a4c8e3dbad48addbc0) Importer(815301076,1909f56bfc062723c751e8b465ee728b)
Start importing Assets/Resources/Player.prefab using Guid(df8da2b35c7df7a4c8e3dbad48addbc0) Importer(815301076,1909f56bfc062723c751e8b465ee728b)  -> (artifact id: 'a99a3f1d80a6358258ccbc301a4f862b') in 0.038544 seconds
  Import took 0.054929 seconds .

========================================================================
Received Prepare
Registering precompiled user dll's ...
Registered in 0.005145 seconds.
Begin MonoManager ReloadAssembly
Native extension for WindowsStandalone target not found
Refreshing native plugins compatible for Editor in 1.06 ms, found 5 plugins.
Preloading 0 native plugins for Editor in 0.00 ms.
Mono: successfully reloaded assembly
- Completed reload, in  1.108 seconds
Platform modules already initialized, skipping
Switching build target platform(19) subTarget(0) extendedPlatform(0) -> platform(13) subTarget(537395200) extendedPlatform(0)
Refreshing native plugins compatible for Editor in 0.94 ms, found 5 plugins.
Preloading 0 native plugins for Editor in 0.00 ms.
Unloading 2330 Unused Serialized files (Serialized files now loaded: 0)
System memory in use before: 111.8 MB.
System memory in use after: 112.0 MB.

Unloading 91 unused Assets to reduce memory usage. Loaded Objects now: 2733.
Total: 5.353600 ms (FindLiveObjects: 0.222500 ms CreateObjectMapping: 0.104600 ms MarkObjects: 4.979700 ms  DeleteObjects: 0.045300 ms)

AssetImportParameters requested are different than current active one (requested -> active):
  custom:graphics/normal-map-encoding: 01000000000000000000000000000000 -> 02000000000000000000000000000000
========================================================================
Received Prepare
Registering precompiled user dll's ...
Registered in 0.008273 seconds.
Begin MonoManager ReloadAssembly
Native extension for WindowsStandalone target not found
Refreshing native plugins compatible for Editor in 2.45 ms, found 5 plugins.
Preloading 0 native plugins for Editor in 0.00 ms.
Mono: successfully reloaded assembly
- Completed reload, in  2.003 seconds
Platform modules already initialized, skipping
Switching build target platform(19) subTarget(0) extendedPlatform(0) -> platform(13) subTarget(537395200) extendedPlatform(0)
Refreshing native plugins compatible for Editor in 2.10 ms, found 5 plugins.
Preloading 0 native plugins for Editor in 0.00 ms.
Unloading 2332 Unused Serialized files (Serialized files now loaded: 0)
System memory in use before: 111.9 MB.
System memory in use after: 112.1 MB.

Unloading 90 unused Assets to reduce memory usage. Loaded Objects now: 2738.
Total: 11.437800 ms (FindLiveObjects: 0.342000 ms CreateObjectMapping: 0.148700 ms MarkObjects: 10.870300 ms  DeleteObjects: 0.074700 ms)

AssetImportParameters requested are different than current active one (requested -> active):
  custom:graphics/normal-map-encoding: 01000000000000000000000000000000 -> 02000000000000000000000000000000
========================================================================
Received Import Request.
  Time since last request: 227.071757 seconds.
  path: Assets/Sounds/Button.wav
  artifactKey: Guid(5df69128ed86a6f46ae833102dee6a94) Importer(815301076,1909f56bfc062723c751e8b465ee728b)
Start importing Assets/Sounds/Button.wav using Guid(5df69128ed86a6f46ae833102dee6a94) Importer(815301076,1909f56bfc062723c751e8b465ee728b)  -> (artifact id: '93539185de5c7dcaab0cdf9569b85548') in 0.111005 seconds
  Import took 0.302486 seconds .

========================================================================
Received Import Request.
  Time since last request: 0.000177 seconds.
  path: Assets/Sounds/Hitmarker.wav
  artifactKey: Guid(c1ab7a98eeb742a4fba2e2dade618033) Importer(815301076,1909f56bfc062723c751e8b465ee728b)
Start importing Assets/Sounds/Hitmarker.wav using Guid(c1ab7a98eeb742a4fba2e2dade618033) Importer(815301076,1909f56bfc062723c751e8b465ee728b)  -> (artifact id: '938176720a963d54420bfd896f4c713d') in 0.187556 seconds
  Import took 0.192566 seconds .

========================================================================
Received Import Request.
  Time since last request: 2.132116 seconds.
  path: Assets/Sounds/Gunshots
  artifactKey: Guid(4385319c1808dbe419846c0ed2a00ede) Importer(815301076,1909f56bfc062723c751e8b465ee728b)
Start importing Assets/Sounds/Gunshots using Guid(4385319c1808dbe419846c0ed2a00ede) Importer(815301076,1909f56bfc062723c751e8b465ee728b)  -> (artifact id: '7c349f6e9c332408c92dd75e5bbb94d4') in 0.005061 seconds
  Import took 0.008492 seconds .

========================================================================
Received Import Request.
  Time since last request: 0.002628 seconds.
  path: Assets/Sounds/Gunshots
  artifactKey: Guid(4385319c1808dbe419846c0ed2a00ede) Importer(815301076,1909f56bfc062723c751e8b465ee728b)
Start importing Assets/Sounds/Gunshots using Guid(4385319c1808dbe419846c0ed2a00ede) Importer(815301076,1909f56bfc062723c751e8b465ee728b)  -> (artifact id: '7c349f6e9c332408c92dd75e5bbb94d4') in 0.002459 seconds
  Import took 0.006569 seconds .

========================================================================
Received Import Request.
  Time since last request: 0.049135 seconds.
  path: Assets/Sounds/Gunshots/basic.wav
  artifactKey: Guid(c35c1d7f4d3f39b43a42a0d7687c62d6) Importer(815301076,1909f56bfc062723c751e8b465ee728b)
Start importing Assets/Sounds/Gunshots/basic.wav using Guid(c35c1d7f4d3f39b43a42a0d7687c62d6) Importer(815301076,1909f56bfc062723c751e8b465ee728b)  -> (artifact id: '9ee89837fc523dabed24e3d8e9252a41') in 0.763146 seconds
  Import took 0.784971 seconds .

========================================================================
Received Import Request.
  Time since last request: 18.673327 seconds.
  path: Assets/Sounds/Footsteps.wav
  artifactKey: Guid(a7d0b043207226b44832d0ce901c3e8e) Importer(815301076,1909f56bfc062723c751e8b465ee728b)
Start importing Assets/Sounds/Footsteps.wav using Guid(a7d0b043207226b44832d0ce901c3e8e) Importer(815301076,1909f56bfc062723c751e8b465ee728b)  -> (artifact id: '885b5b5a92ea4139cdcf7be8f55dbc14') in 0.014351 seconds
  Import took 0.105536 seconds .

========================================================================
Received Import Request.
  Time since last request: 0.000207 seconds.
  path: Assets/Sounds/Reload.aiff
  artifactKey: Guid(c670564ac48145f4b88ad58e225cef05) Importer(815301076,1909f56bfc062723c751e8b465ee728b)
Start importing Assets/Sounds/Reload.aiff using Guid(c670564ac48145f4b88ad58e225cef05) Importer(815301076,1909f56bfc062723c751e8b465ee728b)  -> (artifact id: '259c19b1d9b7ab1a28704812053daca2') in 0.013460 seconds
  Import took 0.034918 seconds .

========================================================================
Received Import Request.
  Time since last request: 0.000226 seconds.
  path: Assets/Sounds/Jump.mp3
  artifactKey: Guid(d1dacd0c784eae74580312782fad1e2b) Importer(815301076,1909f56bfc062723c751e8b465ee728b)
Start importing Assets/Sounds/Jump.mp3 using Guid(d1dacd0c784eae74580312782fad1e2b) Importer(815301076,1909f56bfc062723c751e8b465ee728b)  -> (artifact id: 'c3fb41c79f3a7d306823ea32a48fb439') in 0.028640 seconds
  Import took 0.062611 seconds .

========================================================================
Received Import Request.
  Time since last request: 0.000325 seconds.
  path: Assets/Sounds/Theme.ogg
  artifactKey: Guid(cbdbe8c8c685aac43ae016ea47c0fa74) Importer(815301076,1909f56bfc062723c751e8b465ee728b)
Start importing Assets/Sounds/Theme.ogg using Guid(cbdbe8c8c685aac43ae016ea47c0fa74) Importer(815301076,1909f56bfc062723c751e8b465ee728b)  -> (artifact id: '3949ca8ac20e97034651bf6d8d029e0a') in 0.020705 seconds
  Import took 0.040356 seconds .

========================================================================
Received Import Request.
  Time since last request: 0.000394 seconds.
  path: Assets/Sounds/Shoot.ogg
  artifactKey: Guid(c4dd4347a81e00c4a83fddaccabe9c4f) Importer(815301076,1909f56bfc062723c751e8b465ee728b)
Start importing Assets/Sounds/Shoot.ogg using Guid(c4dd4347a81e00c4a83fddaccabe9c4f) Importer(815301076,1909f56bfc062723c751e8b465ee728b)  -> (artifact id: '65598ed3a0eee88232bca0baae9a3b22') in 0.013264 seconds
  Import took 0.050654 seconds .

========================================================================
Received Import Request.
  Time since last request: 10.399108 seconds.
  path: Assets/Sounds/AudioManager.cs
  artifactKey: Guid(17699394ed4a1934a9c62970aa042870) Importer(815301076,1909f56bfc062723c751e8b465ee728b)
Start importing Assets/Sounds/AudioManager.cs using Guid(17699394ed4a1934a9c62970aa042870) Importer(815301076,1909f56bfc062723c751e8b465ee728b)  -> (artifact id: '59588e4cc524dc64f4900ebad5a82385') in 0.007829 seconds
  Import took 0.011077 seconds .

========================================================================
Received Import Request.
  Time since last request: 0.019053 seconds.
  path: Assets/Sounds/AudioManager.cs
  artifactKey: Guid(17699394ed4a1934a9c62970aa042870) Importer(815301076,1909f56bfc062723c751e8b465ee728b)
Start importing Assets/Sounds/AudioManager.cs using Guid(17699394ed4a1934a9c62970aa042870) Importer(815301076,1909f56bfc062723c751e8b465ee728b)  -> (artifact id: '59588e4cc524dc64f4900ebad5a82385') in 0.002960 seconds
  Import took 0.006899 seconds .

========================================================================
Received Import Request.
  Time since last request: 6.594651 seconds.
  path: Assets/Sounds/Sound.cs
  artifactKey: Guid(223d61ec236d45b40b0c99b4c07d7360) Importer(815301076,1909f56bfc062723c751e8b465ee728b)
Start importing Assets/Sounds/Sound.cs using Guid(223d61ec236d45b40b0c99b4c07d7360) Importer(815301076,1909f56bfc062723c751e8b465ee728b)  -> (artifact id: '0131dc73061ecfa54fbeec2e1efb67fd') in 0.307499 seconds
  Import took 0.338909 seconds .

========================================================================
Received Prepare
Registering precompiled user dll's ...
Registered in 0.005711 seconds.
Begin MonoManager ReloadAssembly
Native extension for WindowsStandalone target not found
Refreshing native plugins compatible for Editor in 1.02 ms, found 5 plugins.
Preloading 0 native plugins for Editor in 0.00 ms.
Mono: successfully reloaded assembly
- Completed reload, in  1.094 seconds
Platform modules already initialized, skipping
Switching build target platform(19) subTarget(0) extendedPlatform(0) -> platform(13) subTarget(537395200) extendedPlatform(0)
Refreshing native plugins compatible for Editor in 0.97 ms, found 5 plugins.
Preloading 0 native plugins for Editor in 0.00 ms.
Unloading 2332 Unused Serialized files (Serialized files now loaded: 0)
System memory in use before: 111.9 MB.
System memory in use after: 112.2 MB.

Unloading 90 unused Assets to reduce memory usage. Loaded Objects now: 2744.
Total: 7.347800 ms (FindLiveObjects: 0.331700 ms CreateObjectMapping: 0.170600 ms MarkObjects: 6.770900 ms  DeleteObjects: 0.072300 ms)

AssetImportParameters requested are different than current active one (requested -> active):
  custom:graphics/normal-map-encoding: 01000000000000000000000000000000 -> 02000000000000000000000000000000
========================================================================
Received Prepare
Registering precompiled user dll's ...
Registered in 0.004948 seconds.
Begin MonoManager ReloadAssembly
Native extension for WindowsStandalone target not found
Refreshing native plugins compatible for Editor in 1.03 ms, found 5 plugins.
Preloading 0 native plugins for Editor in 0.00 ms.
Mono: successfully reloaded assembly
- Completed reload, in  1.077 seconds
Platform modules already initialized, skipping
Switching build target platform(19) subTarget(0) extendedPlatform(0) -> platform(13) subTarget(537395200) extendedPlatform(0)
Refreshing native plugins compatible for Editor in 0.91 ms, found 5 plugins.
Preloading 0 native plugins for Editor in 0.00 ms.
Unloading 2332 Unused Serialized files (Serialized files now loaded: 0)
System memory in use before: 112.0 MB.
System memory in use after: 112.2 MB.

Unloading 90 unused Assets to reduce memory usage. Loaded Objects now: 2747.
Total: 5.245700 ms (FindLiveObjects: 0.222700 ms CreateObjectMapping: 0.080900 ms MarkObjects: 4.904200 ms  DeleteObjects: 0.037000 ms)

AssetImportParameters requested are different than current active one (requested -> active):
  custom:graphics/normal-map-encoding: 01000000000000000000000000000000 -> 02000000000000000000000000000000
========================================================================
Received Prepare
Registering precompiled user dll's ...
Registered in 0.199152 seconds.
Begin MonoManager ReloadAssembly
Native extension for WindowsStandalone target not found
Refreshing native plugins compatible for Editor in 1.75 ms, found 5 plugins.
Preloading 0 native plugins for Editor in 0.00 ms.
Mono: successfully reloaded assembly
- Completed reload, in  1.386 seconds
Platform modules already initialized, skipping
Switching build target platform(19) subTarget(0) extendedPlatform(0) -> platform(13) subTarget(537395200) extendedPlatform(0)
Refreshing native plugins compatible for Editor in 1.29 ms, found 5 plugins.
Preloading 0 native plugins for Editor in 0.00 ms.
Unloading 2332 Unused Serialized files (Serialized files now loaded: 0)
System memory in use before: 111.9 MB.
System memory in use after: 112.1 MB.

Unloading 90 unused Assets to reduce memory usage. Loaded Objects now: 2750.
Total: 9.354300 ms (FindLiveObjects: 0.946700 ms CreateObjectMapping: 0.405700 ms MarkObjects: 7.927200 ms  DeleteObjects: 0.072800 ms)

AssetImportParameters requested are different than current active one (requested -> active):
  custom:graphics/normal-map-encoding: 01000000000000000000000000000000 -> 02000000000000000000000000000000
========================================================================
Received Prepare
Registering precompiled user dll's ...
Registered in 0.004884 seconds.
Begin MonoManager ReloadAssembly
Native extension for WindowsStandalone target not found
Refreshing native plugins compatible for Editor in 0.98 ms, found 5 plugins.
Preloading 0 native plugins for Editor in 0.00 ms.
Mono: successfully reloaded assembly
- Completed reload, in  1.071 seconds
Platform modules already initialized, skipping
Switching build target platform(19) subTarget(0) extendedPlatform(0) -> platform(13) subTarget(537395200) extendedPlatform(0)
Refreshing native plugins compatible for Editor in 0.93 ms, found 5 plugins.
Preloading 0 native plugins for Editor in 0.00 ms.
Unloading 2332 Unused Serialized files (Serialized files now loaded: 0)
System memory in use before: 112.0 MB.
System memory in use after: 112.2 MB.

Unloading 90 unused Assets to reduce memory usage. Loaded Objects now: 2753.
Total: 5.523000 ms (FindLiveObjects: 0.256000 ms CreateObjectMapping: 0.099400 ms MarkObjects: 5.128900 ms  DeleteObjects: 0.037400 ms)

AssetImportParameters requested are different than current active one (requested -> active):
  custom:graphics/normal-map-encoding: 01000000000000000000000000000000 -> 02000000000000000000000000000000
========================================================================
Received Import Request.
  Time since last request: 767.084712 seconds.
  path: Assets/Resources/Player.prefab
  artifactKey: Guid(df8da2b35c7df7a4c8e3dbad48addbc0) Importer(815301076,1909f56bfc062723c751e8b465ee728b)
Start importing Assets/Resources/Player.prefab using Guid(df8da2b35c7df7a4c8e3dbad48addbc0) Importer(815301076,1909f56bfc062723c751e8b465ee728b)  -> (artifact id: '9ce804f357fa95b28d8ee093073ac8fd') in 0.265005 seconds
  Import took 0.272824 seconds .

========================================================================
Received Import Request.
  Time since last request: 7.805404 seconds.
  path: Assets/Resources/Player.prefab
  artifactKey: Guid(df8da2b35c7df7a4c8e3dbad48addbc0) Importer(815301076,1909f56bfc062723c751e8b465ee728b)
Start importing Assets/Resources/Player.prefab using Guid(df8da2b35c7df7a4c8e3dbad48addbc0) Importer(815301076,1909f56bfc062723c751e8b465ee728b)  -> (artifact id: '5d5b181ab1bcdd0a9adbdb0dc0a1fba7') in 0.038105 seconds
  Import took 0.050233 seconds .

========================================================================
Received Import Request.
  Time since last request: 1.400609 seconds.
  path: Assets/Resources/Player.prefab
  artifactKey: Guid(df8da2b35c7df7a4c8e3dbad48addbc0) Importer(815301076,1909f56bfc062723c751e8b465ee728b)
Start importing Assets/Resources/Player.prefab using Guid(df8da2b35c7df7a4c8e3dbad48addbc0) Importer(815301076,1909f56bfc062723c751e8b465ee728b)  -> (artifact id: '9c75bee71ae9416b71c4a3329514921b') in 0.043451 seconds
  Import took 0.048194 seconds .

========================================================================
Received Import Request.
  Time since last request: 1.537929 seconds.
  path: Assets/Resources/Player.prefab
  artifactKey: Guid(df8da2b35c7df7a4c8e3dbad48addbc0) Importer(815301076,1909f56bfc062723c751e8b465ee728b)
Start importing Assets/Resources/Player.prefab using Guid(df8da2b35c7df7a4c8e3dbad48addbc0) Importer(815301076,1909f56bfc062723c751e8b465ee728b)  -> (artifact id: 'b30e26acd0182d28448480fbbde34c8f') in 0.051196 seconds
  Import took 0.058049 seconds .

========================================================================
Received Import Request.
  Time since last request: 7.677572 seconds.
  path: Assets/Resources/Player.prefab
  artifactKey: Guid(df8da2b35c7df7a4c8e3dbad48addbc0) Importer(815301076,1909f56bfc062723c751e8b465ee728b)
Start importing Assets/Resources/Player.prefab using Guid(df8da2b35c7df7a4c8e3dbad48addbc0) Importer(815301076,1909f56bfc062723c751e8b465ee728b)  -> (artifact id: 'd2df3a8269e5398da2fe81fd016cf13d') in 0.037968 seconds
  Import took 0.061459 seconds .

========================================================================
Received Import Request.
  Time since last request: 14.902599 seconds.
  path: Assets/Scenes/Chumpland.unity
  artifactKey: Guid(5ad658e8d5337104e96f73bad37bd1f9) Importer(815301076,1909f56bfc062723c751e8b465ee728b)
Start importing Assets/Scenes/Chumpland.unity using Guid(5ad658e8d5337104e96f73bad37bd1f9) Importer(815301076,1909f56bfc062723c751e8b465ee728b)  -> (artifact id: '1db86bcfb6d9982b9623e5231b08b200') in 0.004716 seconds
  Import took 0.101994 seconds .

========================================================================
Received Import Request.
  Time since last request: 588.253500 seconds.
  path: Assets/Scripts/AudioManager.cs
  artifactKey: Guid(e89b7403e20758a409e2ba3585e91d5d) Importer(815301076,1909f56bfc062723c751e8b465ee728b)
Start importing Assets/Scripts/AudioManager.cs using Guid(e89b7403e20758a409e2ba3585e91d5d) Importer(815301076,1909f56bfc062723c751e8b465ee728b)  -> (artifact id: '018d87c690b67b08bc73d1afbd5eb1c8') in 0.014227 seconds
  Import took 0.032071 seconds .

========================================================================
Received Import Request.
  Time since last request: 38.029186 seconds.
  path: Assets/Scripts/Look.cs
  artifactKey: Guid(d96ad5b6504821e4a897f8ff875932e0) Importer(815301076,1909f56bfc062723c751e8b465ee728b)
Start importing Assets/Scripts/Look.cs using Guid(d96ad5b6504821e4a897f8ff875932e0) Importer(815301076,1909f56bfc062723c751e8b465ee728b)  -> (artifact id: '49db1777a2dd64ad355a33c6789b03eb') in 0.007775 seconds
  Import took 0.027408 seconds .

========================================================================
Received Import Request.
  Time since last request: 21.417799 seconds.
  path: Assets/Scripts/Manager.cs
  artifactKey: Guid(3f420b1e43b5cf547a907a270534b15b) Importer(815301076,1909f56bfc062723c751e8b465ee728b)
Start importing Assets/Scripts/Manager.cs using Guid(3f420b1e43b5cf547a907a270534b15b) Importer(815301076,1909f56bfc062723c751e8b465ee728b)  -> (artifact id: 'f848774876defaf1ebf5ed92f1ecfc12') in 0.102459 seconds
  Import took 0.129105 seconds .

========================================================================
Received Import Request.
  Time since last request: 13.224646 seconds.
  path: Assets/Scripts/MobMov.cs
  artifactKey: Guid(7a234b81e474da2408c3e3c767a995fd) Importer(815301076,1909f56bfc062723c751e8b465ee728b)
Start importing Assets/Scripts/MobMov.cs using Guid(7a234b81e474da2408c3e3c767a995fd) Importer(815301076,1909f56bfc062723c751e8b465ee728b)  -> (artifact id: '6c558d3e33f827f90c57850b0983d1e8') in 0.008446 seconds
  Import took 0.016285 seconds .

========================================================================
Received Import Request.
  Time since last request: 398.294918 seconds.
  path: Assets/Scenes/Menu.unity
  artifactKey: Guid(bc0a263be3196fa44b8dcdca86cc4c86) Importer(815301076,1909f56bfc062723c751e8b465ee728b)
Start importing Assets/Scenes/Menu.unity using Guid(bc0a263be3196fa44b8dcdca86cc4c86) Importer(815301076,1909f56bfc062723c751e8b465ee728b)  -> (artifact id: 'a099c639c265a1d0f8307aeae2fdcb15') in 0.092281 seconds
  Import took 0.134316 seconds .

========================================================================
Received Prepare
Registering precompiled user dll's ...
Registered in 0.083997 seconds.
Begin MonoManager ReloadAssembly
Native extension for WindowsStandalone target not found
Refreshing native plugins compatible for Editor in 1.12 ms, found 5 plugins.
Preloading 0 native plugins for Editor in 0.00 ms.
Mono: successfully reloaded assembly
- Completed reload, in  1.232 seconds
Platform modules already initialized, skipping
Switching build target platform(19) subTarget(0) extendedPlatform(0) -> platform(13) subTarget(537395200) extendedPlatform(0)
Refreshing native plugins compatible for Editor in 1.00 ms, found 5 plugins.
Preloading 0 native plugins for Editor in 0.00 ms.
Unloading 2332 Unused Serialized files (Serialized files now loaded: 0)
System memory in use before: 112.0 MB.
System memory in use after: 112.2 MB.

Unloading 91 unused Assets to reduce memory usage. Loaded Objects now: 2757.
Total: 5.045000 ms (FindLiveObjects: 0.274000 ms CreateObjectMapping: 0.110500 ms MarkObjects: 4.619300 ms  DeleteObjects: 0.039500 ms)

AssetImportParameters requested are different than current active one (requested -> active):
  custom:graphics/normal-map-encoding: 01000000000000000000000000000000 -> 02000000000000000000000000000000
========================================================================
Received Import Request.
  Time since last request: 211.729635 seconds.
  path: Assets/Resources/Player.prefab
  artifactKey: Guid(df8da2b35c7df7a4c8e3dbad48addbc0) Importer(815301076,1909f56bfc062723c751e8b465ee728b)
Start importing Assets/Resources/Player.prefab using Guid(df8da2b35c7df7a4c8e3dbad48addbc0) Importer(815301076,1909f56bfc062723c751e8b465ee728b)  -> (artifact id: '1ce0d2775a4ccc58eb54824a88ee6e6a') in 0.246803 seconds
  Import took 0.257923 seconds .

========================================================================
Received Import Request.
  Time since last request: 9.970893 seconds.
  path: Assets/Resources/Player.prefab
  artifactKey: Guid(df8da2b35c7df7a4c8e3dbad48addbc0) Importer(815301076,1909f56bfc062723c751e8b465ee728b)
Start importing Assets/Resources/Player.prefab using Guid(df8da2b35c7df7a4c8e3dbad48addbc0) Importer(815301076,1909f56bfc062723c751e8b465ee728b)  -> (artifact id: '22112128b2c0c44c87e806516d582c67') in 0.042642 seconds
  Import took 0.062607 seconds .

========================================================================
Received Import Request.
  Time since last request: 6.270089 seconds.
  path: Assets/Resources/Player.prefab
  artifactKey: Guid(df8da2b35c7df7a4c8e3dbad48addbc0) Importer(815301076,1909f56bfc062723c751e8b465ee728b)
Start importing Assets/Resources/Player.prefab using Guid(df8da2b35c7df7a4c8e3dbad48addbc0) Importer(815301076,1909f56bfc062723c751e8b465ee728b)  -> (artifact id: '31eb98ab97181ed047b7d80c573525df') in 0.033017 seconds
  Import took 0.038400 seconds .

========================================================================
Received Import Request.
  Time since last request: 20.075723 seconds.
  path: Assets/Resources/Player.prefab
  artifactKey: Guid(df8da2b35c7df7a4c8e3dbad48addbc0) Importer(815301076,1909f56bfc062723c751e8b465ee728b)
Start importing Assets/Resources/Player.prefab using Guid(df8da2b35c7df7a4c8e3dbad48addbc0) Importer(815301076,1909f56bfc062723c751e8b465ee728b)  -> (artifact id: '34e4385c8a55f5dd4e2e8bdc181b23a3') in 0.033960 seconds
  Import took 0.130346 seconds .

========================================================================
Received Import Request.
  Time since last request: 3.768274 seconds.
  path: Assets/Resources/Player.prefab
  artifactKey: Guid(df8da2b35c7df7a4c8e3dbad48addbc0) Importer(815301076,1909f56bfc062723c751e8b465ee728b)
Start importing Assets/Resources/Player.prefab using Guid(df8da2b35c7df7a4c8e3dbad48addbc0) Importer(815301076,1909f56bfc062723c751e8b465ee728b)  -> (artifact id: 'dc3cd416f0e5a509ba4e43f0250b6a78') in 0.040000 seconds
  Import took 0.086662 seconds .

========================================================================
Received Prepare
Registering precompiled user dll's ...
Registered in 0.005229 seconds.
Begin MonoManager ReloadAssembly
Native extension for WindowsStandalone target not found
Refreshing native plugins compatible for Editor in 1.01 ms, found 5 plugins.
Preloading 0 native plugins for Editor in 0.00 ms.
Mono: successfully reloaded assembly
- Completed reload, in  1.074 seconds
Platform modules already initialized, skipping
Switching build target platform(19) subTarget(0) extendedPlatform(0) -> platform(13) subTarget(537395200) extendedPlatform(0)
Refreshing native plugins compatible for Editor in 0.95 ms, found 5 plugins.
Preloading 0 native plugins for Editor in 0.00 ms.
Unloading 2332 Unused Serialized files (Serialized files now loaded: 0)
System memory in use before: 112.1 MB.
System memory in use after: 112.3 MB.

Unloading 91 unused Assets to reduce memory usage. Loaded Objects now: 2761.
Total: 4.921800 ms (FindLiveObjects: 0.245500 ms CreateObjectMapping: 0.104500 ms MarkObjects: 4.533300 ms  DeleteObjects: 0.037700 ms)

AssetImportParameters requested are different than current active one (requested -> active):
  custom:graphics/normal-map-encoding: 01000000000000000000000000000000 -> 02000000000000000000000000000000
========================================================================
Received Prepare
Registering precompiled user dll's ...
Registered in 0.006018 seconds.
Begin MonoManager ReloadAssembly
Native extension for WindowsStandalone target not found
Refreshing native plugins compatible for Editor in 0.99 ms, found 5 plugins.
Preloading 0 native plugins for Editor in 0.00 ms.
Mono: successfully reloaded assembly
- Completed reload, in  1.065 seconds
Platform modules already initialized, skipping
Switching build target platform(19) subTarget(0) extendedPlatform(0) -> platform(13) subTarget(537395200) extendedPlatform(0)
Refreshing native plugins compatible for Editor in 0.93 ms, found 5 plugins.
Preloading 0 native plugins for Editor in 0.00 ms.
Unloading 2332 Unused Serialized files (Serialized files now loaded: 0)
System memory in use before: 112.1 MB.
System memory in use after: 112.3 MB.

Unloading 90 unused Assets to reduce memory usage. Loaded Objects now: 2764.
Total: 5.094300 ms (FindLiveObjects: 0.234400 ms CreateObjectMapping: 0.095500 ms MarkObjects: 4.729600 ms  DeleteObjects: 0.033900 ms)

AssetImportParameters requested are different than current active one (requested -> active):
  custom:graphics/normal-map-encoding: 01000000000000000000000000000000 -> 02000000000000000000000000000000
========================================================================
Received Import Request.
  Time since last request: 287.075453 seconds.
  path: Assets/Scenes/Chumpland.unity
  artifactKey: Guid(5ad658e8d5337104e96f73bad37bd1f9) Importer(815301076,1909f56bfc062723c751e8b465ee728b)
Start importing Assets/Scenes/Chumpland.unity using Guid(5ad658e8d5337104e96f73bad37bd1f9) Importer(815301076,1909f56bfc062723c751e8b465ee728b)  -> (artifact id: '34ae8d6301c8027c6dad8d6fcd215ae7') in 0.013195 seconds
  Import took 0.102037 seconds .

========================================================================
Received Prepare
Registering precompiled user dll's ...
Registered in 0.005253 seconds.
Begin MonoManager ReloadAssembly
Native extension for WindowsStandalone target not found
Refreshing native plugins compatible for Editor in 1.06 ms, found 5 plugins.
Preloading 0 native plugins for Editor in 0.00 ms.
Mono: successfully reloaded assembly
- Completed reload, in  1.040 seconds
Platform modules already initialized, skipping
Switching build target platform(19) subTarget(0) extendedPlatform(0) -> platform(13) subTarget(537395200) extendedPlatform(0)
Refreshing native plugins compatible for Editor in 0.91 ms, found 5 plugins.
Preloading 0 native plugins for Editor in 0.00 ms.
Unloading 2332 Unused Serialized files (Serialized files now loaded: 0)
System memory in use before: 112.0 MB.
System memory in use after: 112.2 MB.

Unloading 90 unused Assets to reduce memory usage. Loaded Objects now: 2767.
Total: 5.480300 ms (FindLiveObjects: 0.235300 ms CreateObjectMapping: 0.097600 ms MarkObjects: 5.106000 ms  DeleteObjects: 0.040100 ms)

AssetImportParameters requested are different than current active one (requested -> active):
  custom:graphics/normal-map-encoding: 01000000000000000000000000000000 -> 02000000000000000000000000000000
========================================================================
Received Prepare
Refreshing native plugins compatible for Editor in 40.59 ms, found 5 plugins.
Preloading 0 native plugins for Editor in 0.00 ms.
Unloading 88 Unused Serialized files (Serialized files now loaded: 0)
System memory in use before: 67.8 MB.
System memory in use after: 68.0 MB.

Unloading 87 unused Assets to reduce memory usage. Loaded Objects now: 2767.
Total: 15.493700 ms (FindLiveObjects: 0.983600 ms CreateObjectMapping: 0.180200 ms MarkObjects: 14.249800 ms  DeleteObjects: 0.077300 ms)

